<?xml version="1.0" encoding="UTF-8"?>
<!-- Generated by org.testng.reporters.JUnitXMLReporter -->
<testsuite ignored="0" hostname="Usha" failures="1" tests="2" name="Test" time="0.068" errors="0" timestamp="2023-08-16T19:25:25 IST">
  <testcase classname="testNGBasics.Enable_Keyword" name="TC1" time="0.012"/>
  <testcase classname="testNGBasics.Enable_Keyword" name="TC2" time="0.003">
    <failure type="java.lang.AssertionError" message="null">
      <![CDATA[java.lang.AssertionError: null
at testNGBasics.Enable_Keyword.TC2(Enable_Keyword.java:17)
at java.base/java.util.ArrayList.forEach(ArrayList.java:1511)
... Removed 27 stack frames]]>
    </failure>
  </testcase> <!-- TC2 -->
</testsuite> <!-- Test -->
